<?xml version="1.0" encoding="utf-8" standalone="no"?>
<test-results xmlns:xsi="http://www.w3.org/2001/XMLSchema-instance" xsi:noNamespaceSchemaLocation="nunit_schema_2.5.xsd" name="Pester" total="27" errors="0" failures="0" not-run="0" inconclusive="0" ignored="0" skipped="0" invalid="0" date="2026-03-26" time="17:53:32">
  <environment machine-name="SOLEIL" clr-version="10.0.5" user-domain="SOLEIL" user="Bob" os-version="10.0.26200" platform="Microsoft Windows 11 Pro for Workstations|C:\WINDOWS|\Device\Harddisk0\Partition3" cwd="C:\Users\Bob\Documents\sysadmin-Powershell.5" nunit-version="2.5.8.0" />
  <culture-info current-culture="en-CA" current-uiculture="en-GB" />
  <test-suite type="TestFixture" name="Pester" executed="True" result="Success" success="True" time="17.941" asserts="0" description="Pester">
    <results>
      <test-suite type="TestFixture" name="C:\Users\Bob\Documents\sysadmin-Powershell.5\tests\Adobe\Install.AdobeAcrobat.Clean.Tests.ps1" executed="True" result="Success" success="True" time="2.0234" asserts="0" description="C:\Users\Bob\Documents\sysadmin-Powershell.5\tests\Adobe\Install.AdobeAcrobat.Clean.Tests.ps1">
        <results>
          <test-suite type="TestFixture" name="V5 Adobe Acrobat refresh behavior" executed="True" result="Success" success="True" time="1.1183" asserts="0" description="V5 Adobe Acrobat refresh behavior">
            <results>
              <test-case description="blocks installer execution when publisher validation fails" name="V5 Adobe Acrobat refresh behavior.blocks installer execution when publisher validation fails" time="0.5826" asserts="0" success="True" result="Success" executed="True" />
              <test-case description="returns a WhatIf result and suppresses Start-Process during preview without elevation" name="V5 Adobe Acrobat refresh behavior.returns a WhatIf result and suppresses Start-Process during preview without elevation" time="0.3459" asserts="0" success="True" result="Success" executed="True" />
              <test-case description="returns a skipped result when the package path is missing during a real run" name="V5 Adobe Acrobat refresh behavior.returns a skipped result when the package path is missing during a real run" time="0.0466" asserts="0" success="True" result="Success" executed="True" />
            </results>
          </test-suite>
        </results>
      </test-suite>
      <test-suite type="TestFixture" name="C:\Users\Bob\Documents\sysadmin-Powershell.5\tests\Printer\Deleter.NamePrinter.Tests.ps1" executed="True" result="Success" success="True" time="1.2474" asserts="0" description="C:\Users\Bob\Documents\sysadmin-Powershell.5\tests\Printer\Deleter.NamePrinter.Tests.ps1">
        <results>
          <test-suite type="TestFixture" name="V5 named printer removal behavior" executed="True" result="Success" success="True" time="1.08" asserts="0" description="V5 named printer removal behavior">
            <results>
              <test-case description="returns a skipped result when the printer name pattern is not configured" name="V5 named printer removal behavior.returns a skipped result when the printer name pattern is not configured" time="0.9987" asserts="0" success="True" result="Success" executed="True" />
            </results>
          </test-suite>
        </results>
      </test-suite>
      <test-suite type="TestFixture" name="C:\Users\Bob\Documents\sysadmin-Powershell.5\tests\Printer\Export.printer.list.Security.Tests.ps1" executed="True" result="Success" success="True" time="3.233" asserts="0" description="C:\Users\Bob\Documents\sysadmin-Powershell.5\tests\Printer\Export.printer.list.Security.Tests.ps1">
        <results>
          <test-suite type="TestFixture" name="V5 printer export hardening" executed="True" result="Success" success="True" time="3.0979" asserts="0" description="V5 printer export hardening">
            <results>
              <test-case description="uses a secured per-user path and unique file name for the basic export preview" name="V5 printer export hardening.uses a secured per-user path and unique file name for the basic export preview" time="1.3513" asserts="0" success="True" result="Success" executed="True" />
              <test-case description="uses a secured per-user path and unique file name for the full export preview" name="V5 printer export hardening.uses a secured per-user path and unique file name for the full export preview" time="1.2941" asserts="0" success="True" result="Success" executed="True" />
              <test-case description="restricts the export directory in code" name="V5 printer export hardening.restricts the export directory in code" time="0.0361" asserts="0" success="True" result="Success" executed="True" />
              <test-case description="does not rewrite ACLs when the export directory already exists" name="V5 printer export hardening.does not rewrite ACLs when the export directory already exists" time="0.1921" asserts="0" success="True" result="Success" executed="True" />
              <test-case description="hardens a newly created export directory once" name="V5 printer export hardening.hardens a newly created export directory once" time="0.1788" asserts="0" success="True" result="Success" executed="True" />
            </results>
          </test-suite>
        </results>
      </test-suite>
      <test-suite type="TestFixture" name="C:\Users\Bob\Documents\sysadmin-Powershell.5\tests\Printer\Restart.Spool.DeletePrinterQSimple.Tests.ps1" executed="True" result="Success" success="True" time="0.7881" asserts="0" description="C:\Users\Bob\Documents\sysadmin-Powershell.5\tests\Printer\Restart.Spool.DeletePrinterQSimple.Tests.ps1">
        <results>
          <test-suite type="TestFixture" name="V5 simple spool cleanup" executed="True" result="Success" success="True" time="0.6554" asserts="0" description="V5 simple spool cleanup">
            <results>
              <test-case description="returns structured WhatIf output" name="V5 simple spool cleanup.returns structured WhatIf output" time="0.6477" asserts="0" success="True" result="Success" executed="True" />
            </results>
          </test-suite>
        </results>
      </test-suite>
      <test-suite type="TestFixture" name="C:\Users\Bob\Documents\sysadmin-Powershell.5\tests\Printer\restart.SpoolDeleteQV4.Tests.ps1" executed="True" result="Success" success="True" time="1.0523" asserts="0" description="C:\Users\Bob\Documents\sysadmin-Powershell.5\tests\Printer\restart.SpoolDeleteQV4.Tests.ps1">
        <results>
          <test-suite type="TestFixture" name="V5 logged spool cleanup behavior" executed="True" result="Success" success="True" time="0.9025" asserts="0" description="V5 logged spool cleanup behavior">
            <results>
              <test-case description="resolves a secure log path and suppresses transcript, service, and file mutations during WhatIf preview" name="V5 logged spool cleanup behavior.resolves a secure log path and suppresses transcript, service, and file mutations during WhatIf preview" time="0.3775" asserts="0" success="True" result="Success" executed="True" />
              <test-case description="does not restart the service when this invocation never stopped it" name="V5 logged spool cleanup behavior.does not restart the service when this invocation never stopped it" time="0.2242" asserts="0" success="True" result="Success" executed="True" />
              <test-case description="restarts the service only when it was running and carries the FP temp cleanup rule" name="V5 logged spool cleanup behavior.restarts the service only when it was running and carries the FP temp cleanup rule" time="0.2634" asserts="0" success="True" result="Success" executed="True" />
            </results>
          </test-suite>
        </results>
      </test-suite>
      <test-suite type="TestFixture" name="C:\Users\Bob\Documents\sysadmin-Powershell.5\tests\tools\Invoke-PSScriptAnalyzer.Tests.ps1" executed="True" result="Success" success="True" time="6.1543" asserts="0" description="C:\Users\Bob\Documents\sysadmin-Powershell.5\tests\tools\Invoke-PSScriptAnalyzer.Tests.ps1">
        <results>
          <test-suite type="TestFixture" name="Invoke-PSScriptAnalyzer helper" executed="True" result="Success" success="True" time="6.0154" asserts="0" description="Invoke-PSScriptAnalyzer helper">
            <results>
              <test-case description="fails validation when analyzer invocation crashes and records the failure in JSON output" name="Invoke-PSScriptAnalyzer helper.fails validation when analyzer invocation crashes and records the failure in JSON output" time="1.9066" asserts="0" success="True" result="Success" executed="True" />
              <test-case description="overwrites the JSON artifact with an empty array when no findings are returned" name="Invoke-PSScriptAnalyzer helper.overwrites the JSON artifact with an empty array when no findings are returned" time="1.4271" asserts="0" success="True" result="Success" executed="True" />
              <test-case description="does not surface analyzer invocation failures for the previously crashing repo files" name="Invoke-PSScriptAnalyzer helper.does not surface analyzer invocation failures for the previously crashing repo files" time="2.6498" asserts="0" success="True" result="Success" executed="True" />
            </results>
          </test-suite>
        </results>
      </test-suite>
      <test-suite type="TestFixture" name="C:\Users\Bob\Documents\sysadmin-Powershell.5\tests\windows-maintenance\Move-OrphanedInstallerFiles.Tests.ps1" executed="True" result="Success" success="True" time="0.7064" asserts="0" description="C:\Users\Bob\Documents\sysadmin-Powershell.5\tests\windows-maintenance\Move-OrphanedInstallerFiles.Tests.ps1">
        <results>
          <test-suite type="TestFixture" name="V5 installer orphan move behavior" executed="True" result="Success" success="True" time="0.5781" asserts="0" description="V5 installer orphan move behavior">
            <results>
              <test-case description="skips reparse points and suppresses Move-Item during WhatIf preview" name="V5 installer orphan move behavior.skips reparse points and suppresses Move-Item during WhatIf preview" time="0.2675" asserts="0" success="True" result="Success" executed="True" />
              <test-case description="adds a timestamp suffix before moving when the quarantine target already exists" name="V5 installer orphan move behavior.adds a timestamp suffix before moving when the quarantine target already exists" time="0.2064" asserts="0" success="True" result="Success" executed="True" />
              <test-case description="returns a skipped result without creating quarantine when no installer references exist" name="V5 installer orphan move behavior.returns a skipped result without creating quarantine when no installer references exist" time="0.0572" asserts="0" success="True" result="Success" executed="True" />
            </results>
          </test-suite>
        </results>
      </test-suite>
      <test-suite type="TestFixture" name="C:\Users\Bob\Documents\sysadmin-Powershell.5\tests\windows-maintenance\Nettoyage.Avance.Windows.Sauf.logserreur.Tests.ps1" executed="True" result="Success" success="True" time="1.1514" asserts="0" description="C:\Users\Bob\Documents\sysadmin-Powershell.5\tests\windows-maintenance\Nettoyage.Avance.Windows.Sauf.logserreur.Tests.ps1">
        <results>
          <test-suite type="TestFixture" name="V5 advanced cleanup" executed="True" result="Success" success="True" time="1.0103" asserts="0" description="V5 advanced cleanup">
            <results>
              <test-case description="supports safe preview without elevation and returns the cleanup status contract" name="V5 advanced cleanup.supports safe preview without elevation and returns the cleanup status contract" time="0.7183" asserts="0" success="True" result="Success" executed="True" />
              <test-case description="counts only successful removals and skips Windows.old trust resolution when removal is disabled" name="V5 advanced cleanup.counts only successful removals and skips Windows.old trust resolution when removal is disabled" time="0.2462" asserts="0" success="True" result="Success" executed="True" />
            </results>
          </test-suite>
        </results>
      </test-suite>
      <test-suite type="TestFixture" name="C:\Users\Bob\Documents\sysadmin-Powershell.5\tests\windows-maintenance\Nettoyage.Complet.Caches.Windows.Tests.ps1" executed="True" result="Success" success="True" time="0.1491" asserts="0" description="C:\Users\Bob\Documents\sysadmin-Powershell.5\tests\windows-maintenance\Nettoyage.Complet.Caches.Windows.Tests.ps1">
        <results>
          <test-suite type="TestFixture" name="V5 complete cleanup hardening" executed="True" result="Success" success="True" time="0.0289" asserts="0" description="V5 complete cleanup hardening">
            <results>
              <test-case description="uses trusted cleanup specs and reparse-point guards" name="V5 complete cleanup hardening.uses trusted cleanup specs and reparse-point guards" time="0.0245" asserts="0" success="True" result="Success" executed="True" />
            </results>
          </test-suite>
        </results>
      </test-suite>
      <test-suite type="TestFixture" name="C:\Users\Bob\Documents\sysadmin-Powershell.5\tests\windows-maintenance\Reset.Network.RebootPC.Tests.ps1" executed="True" result="Success" success="True" time="0.8065" asserts="0" description="C:\Users\Bob\Documents\sysadmin-Powershell.5\tests\windows-maintenance\Reset.Network.RebootPC.Tests.ps1">
        <results>
          <test-suite type="TestFixture" name="V5 network reset and reboot behavior" executed="True" result="Success" success="True" time="0.6881" asserts="0" description="V5 network reset and reboot behavior">
            <results>
              <test-case description="returns a preview-safe WhatIf summary" name="V5 network reset and reboot behavior.returns a preview-safe WhatIf summary" time="0.6113" asserts="0" success="True" result="Success" executed="True" />
              <test-case description="returns a skipped result in Windows Sandbox without running commands" name="V5 network reset and reboot behavior.returns a skipped result in Windows Sandbox without running commands" time="0.015" asserts="0" success="True" result="Success" executed="True" />
            </results>
          </test-suite>
        </results>
      </test-suite>
      <test-suite type="TestFixture" name="C:\Users\Bob\Documents\sysadmin-Powershell.5\tests\WindowsServer\FichierOphelin.Tests.ps1" executed="True" result="Success" success="True" time="0.6292" asserts="0" description="C:\Users\Bob\Documents\sysadmin-Powershell.5\tests\WindowsServer\FichierOphelin.Tests.ps1">
        <results>
          <test-suite type="TestFixture" name="V5 installer orphan cleanup behavior" executed="True" result="Success" success="True" time="0.4837" asserts="0" description="V5 installer orphan cleanup behavior">
            <results>
              <test-case description="skips reparse points and suppresses Move-Item during WhatIf preview" name="V5 installer orphan cleanup behavior.skips reparse points and suppresses Move-Item during WhatIf preview" time="0.223" asserts="0" success="True" result="Success" executed="True" />
              <test-case description="adds a timestamp suffix before moving when the quarantine target already exists" name="V5 installer orphan cleanup behavior.adds a timestamp suffix before moving when the quarantine target already exists" time="0.1784" asserts="0" success="True" result="Success" executed="True" />
              <test-case description="returns a skipped result without creating quarantine when no installer references exist" name="V5 installer orphan cleanup behavior.returns a skipped result without creating quarantine when no installer references exist" time="0.0495" asserts="0" success="True" result="Success" executed="True" />
            </results>
          </test-suite>
        </results>
      </test-suite>
    </results>
  </test-suite>
</test-results>